This is pdfTeX, Version 3.14159265-2.6-1.40.18 (TeX Live 2017/Debian) (preloaded format=pdflatex 2019.1.18)  15 JUN 2019 16:28
entering extended mode
 restricted \write18 enabled.
 %&-line parsing enabled.
**thesis.tex
(./thesis.tex
LaTeX2e <2017-04-15>
Babel <3.18> and hyphenation patterns for 3 language(s) loaded.
(./thesis.cs.pub.ro.cls
Document Class: thesis.cs.pub.ro 2008/07/14
(/usr/share/texlive/texmf-dist/tex/latex/base/report.cls
Document Class: report 2014/09/29 v1.4h Standard LaTeX document class
(/usr/share/texlive/texmf-dist/tex/latex/base/size10.clo
File: size10.clo 2014/09/29 v1.4h Standard LaTeX file (size option)
)
\c@part=\count79
\c@chapter=\count80
\c@section=\count81
\c@subsection=\count82
\c@subsubsection=\count83
\c@paragraph=\count84
\c@subparagraph=\count85
\c@figure=\count86
\c@table=\count87
\abovecaptionskip=\skip41
\belowcaptionskip=\skip42
\bibindent=\dimen102
)
(/usr/share/texlive/texmf-dist/tex/latex/ucs/ucs.sty
Package: ucs 2013/05/11 v2.2 UCS: Unicode input support

(/usr/share/texlive/texmf-dist/tex/latex/ucs/data/uni-global.def
File: uni-global.def 2013/05/13 UCS: Unicode global data
)
\uc@secondtry=\count88
\uc@combtoks=\toks14
\uc@combtoksb=\toks15
\uc@temptokena=\toks16
)
(/usr/share/texlive/texmf-dist/tex/latex/base/inputenc.sty
Package: inputenc 2015/03/17 v1.2c Input encoding file
\inpenc@prehook=\toks17
\inpenc@posthook=\toks18

(/usr/share/texlive/texmf-dist/tex/latex/ucs/utf8x.def
File: utf8x.def 2004/10/17 UCS: Input encoding UTF-8
))
(/usr/share/texlive/texmf-dist/tex/generic/babel/babel.sty
Package: babel 2018/02/14 3.18 The Babel package

(/usr/share/texlive/texmf-dist/tex/generic/babel/switch.def
File: switch.def 2018/02/14 3.18 Babel switching mechanism
)
(/usr/share/texlive/texmf-dist/tex/generic/babel-english/english.ldf
Language: english 2017/06/06 v3.3r English support from the babel system

(/usr/share/texlive/texmf-dist/tex/generic/babel/babel.def
File: babel.def 2018/02/14 3.18 Babel common definitions
\babel@savecnt=\count89
\U@D=\dimen103

(/usr/share/texlive/texmf-dist/tex/generic/babel/txtbabel.def)
\bbl@dirlevel=\count90
)
\l@british = a dialect from \language\l@english 
\l@UKenglish = a dialect from \language\l@english 
\l@canadian = a dialect from \language\l@american 
\l@australian = a dialect from \language\l@british 
\l@newzealand = a dialect from \language\l@british 
))
(/usr/share/texlive/texmf-dist/tex/latex/base/makeidx.sty
Package: makeidx 2014/09/29 v1.0m Standard LaTeX package
)
(/usr/share/texlive/texmf-dist/tex/latex/geometry/geometry.sty
Package: geometry 2010/09/12 v5.6 Page Geometry

(/usr/share/texlive/texmf-dist/tex/latex/graphics/keyval.sty
Package: keyval 2014/10/28 v1.15 key=value parser (DPC)
\KV@toks@=\toks19
)
(/usr/share/texlive/texmf-dist/tex/generic/oberdiek/ifpdf.sty
Package: ifpdf 2017/03/15 v3.2 Provides the ifpdf switch
)
(/usr/share/texlive/texmf-dist/tex/generic/oberdiek/ifvtex.sty
Package: ifvtex 2016/05/16 v1.6 Detect VTeX and its facilities (HO)
Package ifvtex Info: VTeX not detected.
)
(/usr/share/texlive/texmf-dist/tex/generic/ifxetex/ifxetex.sty
Package: ifxetex 2010/09/12 v0.6 Provides ifxetex conditional
)
\Gm@cnth=\count91
\Gm@cntv=\count92
\c@Gm@tempcnt=\count93
\Gm@bindingoffset=\dimen104
\Gm@wd@mp=\dimen105
\Gm@odd@mp=\dimen106
\Gm@even@mp=\dimen107
\Gm@layoutwidth=\dimen108
\Gm@layoutheight=\dimen109
\Gm@layouthoffset=\dimen110
\Gm@layoutvoffset=\dimen111
\Gm@dimlist=\toks20
)
(/usr/share/texlive/texmf-dist/tex/latex/parskip/parskip.sty
Package: parskip 2001/04/09 non-zero parskip adjustments
)
(/usr/share/texlive/texmf-dist/tex/latex/setspace/setspace.sty
Package: setspace 2011/12/19 v6.7a set line spacing
)
(/usr/share/texlive/texmf-dist/tex/latex/hyperref/hyperref.sty
Package: hyperref 2018/02/06 v6.86b Hypertext links for LaTeX

(/usr/share/texlive/texmf-dist/tex/generic/oberdiek/hobsub-hyperref.sty
Package: hobsub-hyperref 2016/05/16 v1.14 Bundle oberdiek, subset hyperref (HO)


(/usr/share/texlive/texmf-dist/tex/generic/oberdiek/hobsub-generic.sty
Package: hobsub-generic 2016/05/16 v1.14 Bundle oberdiek, subset generic (HO)
Package: hobsub 2016/05/16 v1.14 Construct package bundles (HO)
Package: infwarerr 2016/05/16 v1.4 Providing info/warning/error messages (HO)
Package: ltxcmds 2016/05/16 v1.23 LaTeX kernel commands for general use (HO)
Package: ifluatex 2016/05/16 v1.4 Provides the ifluatex switch (HO)
Package ifluatex Info: LuaTeX not detected.
Package hobsub Info: Skipping package `ifvtex' (already loaded).
Package: intcalc 2016/05/16 v1.2 Expandable calculations with integers (HO)
Package hobsub Info: Skipping package `ifpdf' (already loaded).
Package: etexcmds 2016/05/16 v1.6 Avoid name clashes with e-TeX commands (HO)
Package etexcmds Info: Could not find \expanded.
(etexcmds)             That can mean that you are not using pdfTeX 1.50 or
(etexcmds)             that some package has redefined \expanded.
(etexcmds)             In the latter case, load this package earlier.
Package: kvsetkeys 2016/05/16 v1.17 Key value parser (HO)
Package: kvdefinekeys 2016/05/16 v1.4 Define keys (HO)
Package: pdftexcmds 2018/01/21 v0.26 Utility functions of pdfTeX for LuaTeX (HO
)
Package pdftexcmds Info: LuaTeX not detected.
Package pdftexcmds Info: \pdf@primitive is available.
Package pdftexcmds Info: \pdf@ifprimitive is available.
Package pdftexcmds Info: \pdfdraftmode found.
Package: pdfescape 2016/05/16 v1.14 Implements pdfTeX's escape features (HO)
Package: bigintcalc 2016/05/16 v1.4 Expandable calculations on big integers (HO
)
Package: bitset 2016/05/16 v1.2 Handle bit-vector datatype (HO)
Package: uniquecounter 2016/05/16 v1.3 Provide unlimited unique counter (HO)
)
Package hobsub Info: Skipping package `hobsub' (already loaded).
Package: letltxmacro 2016/05/16 v1.5 Let assignment for LaTeX macros (HO)
Package: hopatch 2016/05/16 v1.3 Wrapper for package hooks (HO)
Package: xcolor-patch 2016/05/16 xcolor patch
Package: atveryend 2016/05/16 v1.9 Hooks at the very end of document (HO)
Package atveryend Info: \enddocument detected (standard20110627).
Package: atbegshi 2016/06/09 v1.18 At begin shipout hook (HO)
Package: refcount 2016/05/16 v3.5 Data extraction from label references (HO)
Package: hycolor 2016/05/16 v1.8 Color options for hyperref/bookmark (HO)
)
(/usr/share/texlive/texmf-dist/tex/latex/oberdiek/auxhook.sty
Package: auxhook 2016/05/16 v1.4 Hooks for auxiliary files (HO)
)
(/usr/share/texlive/texmf-dist/tex/latex/oberdiek/kvoptions.sty
Package: kvoptions 2016/05/16 v3.12 Key value format for package options (HO)
)
\@linkdim=\dimen112
\Hy@linkcounter=\count94
\Hy@pagecounter=\count95

(/usr/share/texlive/texmf-dist/tex/latex/hyperref/pd1enc.def
File: pd1enc.def 2018/02/06 v6.86b Hyperref: PDFDocEncoding definition (HO)
)
\Hy@SavedSpaceFactor=\count96

(/usr/share/texlive/texmf-dist/tex/latex/latexconfig/hyperref.cfg
File: hyperref.cfg 2002/06/06 v1.2 hyperref configuration of TeXLive
)
Package hyperref Info: Hyper figures OFF on input line 4509.
Package hyperref Info: Link nesting OFF on input line 4514.
Package hyperref Info: Hyper index ON on input line 4517.
Package hyperref Info: Plain pages OFF on input line 4524.
Package hyperref Info: Backreferencing OFF on input line 4529.
Package hyperref Info: Implicit mode ON; LaTeX internals redefined.
Package hyperref Info: Bookmarks ON on input line 4762.
\c@Hy@tempcnt=\count97

(/usr/share/texlive/texmf-dist/tex/latex/url/url.sty
\Urlmuskip=\muskip10
Package: url 2013/09/16  ver 3.4  Verb mode for urls, etc.
)
LaTeX Info: Redefining \url on input line 5115.
\XeTeXLinkMargin=\dimen113
\Fld@menulength=\count98
\Field@Width=\dimen114
\Fld@charsize=\dimen115
Package hyperref Info: Hyper figures OFF on input line 6369.
Package hyperref Info: Link nesting OFF on input line 6374.
Package hyperref Info: Hyper index ON on input line 6377.
Package hyperref Info: backreferencing OFF on input line 6384.
Package hyperref Info: Link coloring OFF on input line 6389.
Package hyperref Info: Link coloring with OCG OFF on input line 6394.
Package hyperref Info: PDF/A mode OFF on input line 6399.
LaTeX Info: Redefining \ref on input line 6439.
LaTeX Info: Redefining \pageref on input line 6443.
\Hy@abspage=\count99
\c@Item=\count100
\c@Hfootnote=\count101
)
Package hyperref Info: Driver (autodetected): hpdftex.

(/usr/share/texlive/texmf-dist/tex/latex/hyperref/hpdftex.def
File: hpdftex.def 2018/02/06 v6.86b Hyperref driver for pdfTeX
\Fld@listcount=\count102
\c@bookmark@seq@number=\count103

(/usr/share/texlive/texmf-dist/tex/latex/oberdiek/rerunfilecheck.sty
Package: rerunfilecheck 2016/05/16 v1.8 Rerun checks for auxiliary files (HO)
Package uniquecounter Info: New unique counter `rerunfilecheck' on input line 2
82.
)
\Hy@SectionHShift=\skip43
)
Package hyperref Info: Option `colorlinks' set `true' on input line 54.


Package hyperref Warning: Option `bookmarks' has already been used,
(hyperref)                setting the option has no effect on input line 54.

Package hyperref Info: Option `bookmarksnumbered' set `true' on input line 54.
(/usr/share/texlive/texmf-dist/tex/latex/underscore/underscore.sty
Package: underscore 2006/09/13
LaTeX Info: Redefining \_ on input line 42.
)
(/usr/share/texlive/texmf-dist/tex/latex/graphics/graphicx.sty
Package: graphicx 2017/06/01 v1.1a Enhanced LaTeX Graphics (DPC,SPQR)

(/usr/share/texlive/texmf-dist/tex/latex/graphics/graphics.sty
Package: graphics 2017/06/25 v1.2c Standard LaTeX Graphics (DPC,SPQR)

(/usr/share/texlive/texmf-dist/tex/latex/graphics/trig.sty
Package: trig 2016/01/03 v1.10 sin cos tan (DPC)
)
(/usr/share/texlive/texmf-dist/tex/latex/graphics-cfg/graphics.cfg
File: graphics.cfg 2016/06/04 v1.11 sample graphics configuration
)
Package graphics Info: Driver file: pdftex.def on input line 99.

(/usr/share/texlive/texmf-dist/tex/latex/graphics-def/pdftex.def
File: pdftex.def 2018/01/08 v1.0l Graphics/color driver for pdftex
))
\Gin@req@height=\dimen116
\Gin@req@width=\dimen117
)
(/usr/share/texlive/texmf-dist/tex/latex/listings/listings.sty
\lst@mode=\count104
\lst@gtempboxa=\box26
\lst@token=\toks21
\lst@length=\count105
\lst@currlwidth=\dimen118
\lst@column=\count106
\lst@pos=\count107
\lst@lostspace=\dimen119
\lst@width=\dimen120
\lst@newlines=\count108
\lst@lineno=\count109
\lst@maxwidth=\dimen121

(/usr/share/texlive/texmf-dist/tex/latex/listings/lstmisc.sty
File: lstmisc.sty 2015/06/04 1.6 (Carsten Heinz)
\c@lstnumber=\count110
\lst@skipnumbers=\count111
\lst@framebox=\box27
)
(/usr/share/texlive/texmf-dist/tex/latex/listings/listings.cfg
File: listings.cfg 2015/06/04 1.6 listings configuration
))
Package: listings 2015/06/04 1.6 (Carsten Heinz)

(/usr/share/texlive/texmf-dist/tex/latex/nomencl/nomencl.sty
Package: nomencl 2005/09/22 v4.2 Nomenclature package (LN)
\nomlabelwidth=\dimen122
\nom@tempdim=\dimen123
\nomitemsep=\skip44
)
\@nomenclaturefile=\write3
\openout3 = `thesis.nlo'.


Writing nomenclature file thesis.nlo
(/usr/share/texlive/texmf-dist/tex/latex/bigfoot/perpage.sty
Package: perpage 2014/10/25 2.0 Reset/sort counters per page
\c@abspage=\count112
)
\c@pp@a@footnote=\count113

(/usr/share/texlive/texmf-dist/tex/latex/fancyhdr/fancyhdr.sty
Package: fancyhdr 2017/06/30 v3.9a Extensive control of page headers and footer
s
\f@nch@headwidth=\skip45
\f@nch@O@elh=\skip46
\f@nch@O@erh=\skip47
\f@nch@O@olh=\skip48
\f@nch@O@orh=\skip49
\f@nch@O@elf=\skip50
\f@nch@O@erf=\skip51
\f@nch@O@olf=\skip52
\f@nch@O@orf=\skip53
)
(/usr/share/texlive/texmf-dist/tex/latex/tools/longtable.sty
Package: longtable 2014/10/28 v4.11 Multi-page Table package (DPC)
\LTleft=\skip54
\LTright=\skip55
\LTpre=\skip56
\LTpost=\skip57
\LTchunksize=\count114
\LTcapwidth=\dimen124
\LT@head=\box28
\LT@firsthead=\box29
\LT@foot=\box30
\LT@lastfoot=\box31
\LT@cols=\count115
\LT@rows=\count116
\c@LT@tables=\count117
\c@LT@chunks=\count118
\LT@p@ftn=\toks22
)
(/usr/share/texlive/texmf-dist/tex/latex/base/fontenc.sty
Package: fontenc 2017/04/05 v2.0i Standard LaTeX package

(/usr/share/texlive/texmf-dist/tex/latex/base/t1enc.def
File: t1enc.def 2017/04/05 v2.0i Standard LaTeX file
LaTeX Font Info:    Redeclaring font encoding T1 on input line 48.
))
(/usr/share/texlive/texmf-dist/tex/latex/psnfss/courier.sty
Package: courier 2005/04/12 PSNFSS-v9.2a (WaS) 
)
(/usr/share/texlive/texmf-dist/tex/latex/tools/multicol.sty
Package: multicol 2017/04/11 v1.8q multicolumn formatting (FMi)
\c@tracingmulticols=\count119
\mult@box=\box32
\multicol@leftmargin=\dimen125
\c@unbalance=\count120
\c@collectmore=\count121
\doublecol@number=\count122
\multicoltolerance=\count123
\multicolpretolerance=\count124
\full@width=\dimen126
\page@free=\dimen127
\premulticols=\dimen128
\postmulticols=\dimen129
\multicolsep=\skip58
\multicolbaselineskip=\skip59
\partial@page=\box33
\last@line=\box34
\maxbalancingoverflow=\dimen130
\mult@rightbox=\box35
\mult@grightbox=\box36
\mult@gfirstbox=\box37
\mult@firstbox=\box38
\@tempa=\box39
\@tempa=\box40
\@tempa=\box41
\@tempa=\box42
\@tempa=\box43
\@tempa=\box44
\@tempa=\box45
\@tempa=\box46
\@tempa=\box47
\@tempa=\box48
\@tempa=\box49
\@tempa=\box50
\@tempa=\box51
\@tempa=\box52
\@tempa=\box53
\@tempa=\box54
\@tempa=\box55
\c@columnbadness=\count125
\c@finalcolumnbadness=\count126
\last@try=\dimen131
\multicolovershoot=\dimen132
\multicolundershoot=\dimen133
\mult@nat@firstbox=\box56
\colbreak@box=\box57
\mc@col@check@num=\count127
)
(/usr/share/texlive/texmf-dist/tex/latex/subfig/subfig.sty
Package: subfig 2005/06/28 ver: 1.3 subfig package

(/usr/share/texlive/texmf-dist/tex/latex/caption/caption.sty
Package: caption 2016/02/21 v3.3-144 Customizing captions (AR)

(/usr/share/texlive/texmf-dist/tex/latex/caption/caption3.sty
Package: caption3 2016/05/22 v1.7-166 caption3 kernel (AR)
Package caption3 Info: TeX engine: e-TeX on input line 67.
\captionmargin=\dimen134
\captionmargin@=\dimen135
\captionwidth=\dimen136
\caption@tempdima=\dimen137
\caption@indent=\dimen138
\caption@parindent=\dimen139
\caption@hangindent=\dimen140
)
\c@ContinuedFloat=\count128
Package caption Info: hyperref package is loaded.
Package caption Info: listings package is loaded.
Package caption Info: longtable package is loaded.

(/usr/share/texlive/texmf-dist/tex/latex/caption/ltcaption.sty
Package: ltcaption 2013/06/09 v1.4-94 longtable captions (AR)
))
\c@KVtest=\count129
\sf@farskip=\skip60
\sf@captopadj=\dimen141
\sf@capskip=\skip61
\sf@nearskip=\skip62
\c@subfigure=\count130
\c@subfigure@save=\count131
\c@lofdepth=\count132
\c@subtable=\count133
\c@subtable@save=\count134
\c@lotdepth=\count135
\sf@top=\skip63
\sf@bottom=\skip64
)
(/usr/share/texlive/texmf-dist/tex/latex/booktabs/booktabs.sty
Package: booktabs 2016/04/27 v1.618033 publication quality tables
\heavyrulewidth=\dimen142
\lightrulewidth=\dimen143
\cmidrulewidth=\dimen144
\belowrulesep=\dimen145
\belowbottomsep=\dimen146
\aboverulesep=\dimen147
\abovetopsep=\dimen148
\cmidrulesep=\dimen149
\cmidrulekern=\dimen150
\defaultaddspace=\dimen151
\@cmidla=\count136
\@cmidlb=\count137
\@aboverulesep=\dimen152
\@belowrulesep=\dimen153
\@thisruleclass=\count138
\@lastruleclass=\count139
\@thisrulewidth=\dimen154
)
(/usr/share/texlive/texmf-dist/tex/latex/multirow/multirow.sty
Package: multirow 2016/11/25 v2.2 Span multiple rows of a table
\multirow@colwidth=\skip65
\multirow@cntb=\count140
\multirow@dima=\skip66
\bigstrutjot=\dimen155
))
(/usr/share/texlive/texmf-dist/tex/latex/amsmath/amsmath.sty
Package: amsmath 2017/09/02 v2.17a AMS math features
\@mathmargin=\skip67

For additional information on amsmath, use the `?' option.
(/usr/share/texlive/texmf-dist/tex/latex/amsmath/amstext.sty
Package: amstext 2000/06/29 v2.01 AMS text

(/usr/share/texlive/texmf-dist/tex/latex/amsmath/amsgen.sty
File: amsgen.sty 1999/11/30 v2.0 generic functions
\@emptytoks=\toks23
\ex@=\dimen156
))
(/usr/share/texlive/texmf-dist/tex/latex/amsmath/amsbsy.sty
Package: amsbsy 1999/11/29 v1.2d Bold Symbols
\pmbraise@=\dimen157
)
(/usr/share/texlive/texmf-dist/tex/latex/amsmath/amsopn.sty
Package: amsopn 2016/03/08 v2.02 operator names
)
\inf@bad=\count141
LaTeX Info: Redefining \frac on input line 213.
\uproot@=\count142
\leftroot@=\count143
LaTeX Info: Redefining \overline on input line 375.
\classnum@=\count144
\DOTSCASE@=\count145
LaTeX Info: Redefining \ldots on input line 472.
LaTeX Info: Redefining \dots on input line 475.
LaTeX Info: Redefining \cdots on input line 596.
\Mathstrutbox@=\box58
\strutbox@=\box59
\big@size=\dimen158
LaTeX Font Info:    Redeclaring font encoding OML on input line 712.
LaTeX Font Info:    Redeclaring font encoding OMS on input line 713.
\macc@depth=\count146
\c@MaxMatrixCols=\count147
\dotsspace@=\muskip11
\c@parentequation=\count148
\dspbrk@lvl=\count149
\tag@help=\toks24
\row@=\count150
\column@=\count151
\maxfields@=\count152
\andhelp@=\toks25
\eqnshift@=\dimen159
\alignsep@=\dimen160
\tagshift@=\dimen161
\tagwidth@=\dimen162
\totwidth@=\dimen163
\lineht@=\dimen164
\@envbody=\toks26
\multlinegap=\skip68
\multlinetaggap=\skip69
\mathdisplay@stack=\toks27
LaTeX Info: Redefining \[ on input line 2817.
LaTeX Info: Redefining \] on input line 2818.
)
\@indexfile=\write4
\openout4 = `thesis.idx'.


Writing index file thesis.idx
(./thesis.aux (./src/chapters/intro.aux) (./src/chapters/chapter1.aux)
(./src/chapters/chapter2.aux

LaTeX Warning: Label `sec:chapter1-section1' multiply defined.

) (./src/chapters/chapter3.aux) (./src/chapters/chapter4.aux)
(./src/chapters/conclusion.aux))
\openout1 = `thesis.aux'.

LaTeX Font Info:    Checking defaults for OML/cmm/m/it on input line 3.
LaTeX Font Info:    ... okay on input line 3.
LaTeX Font Info:    Checking defaults for T1/cmr/m/n on input line 3.
LaTeX Font Info:    ... okay on input line 3.
LaTeX Font Info:    Checking defaults for OT1/cmr/m/n on input line 3.
LaTeX Font Info:    ... okay on input line 3.
LaTeX Font Info:    Checking defaults for OMS/cmsy/m/n on input line 3.
LaTeX Font Info:    ... okay on input line 3.
LaTeX Font Info:    Checking defaults for OMX/cmex/m/n on input line 3.
LaTeX Font Info:    ... okay on input line 3.
LaTeX Font Info:    Checking defaults for U/cmr/m/n on input line 3.
LaTeX Font Info:    ... okay on input line 3.
LaTeX Font Info:    Checking defaults for PD1/pdf/m/n on input line 3.
LaTeX Font Info:    ... okay on input line 3.

(/usr/share/texlive/texmf-dist/tex/latex/ucs/ucsencs.def
File: ucsencs.def 2011/01/21 Fixes to fontencodings LGR, T3
)
*geometry* driver: auto-detecting
*geometry* detected driver: pdftex
*geometry* verbose mode - [ preamble ] result:
* driver: pdftex
* paper: <default>
* layout: <same size as paper>
* layoutoffset:(h,v)=(0.0pt,0.0pt)
* modes: 
* h-part:(L,W,R)=(99.58464pt, 412.56497pt, 85.35826pt)
* v-part:(T,H,B)=(99.58464pt, 645.87756pt, 99.58464pt)
* \paperwidth=597.50787pt
* \paperheight=845.04684pt
* \textwidth=412.56497pt
* \textheight=645.87756pt
* \oddsidemargin=27.31465pt
* \evensidemargin=27.31465pt
* \topmargin=-9.68535pt
* \headheight=34.64322pt
* \headsep=14.22636pt
* \topskip=10.0pt
* \footskip=30.0pt
* \marginparwidth=57.0pt
* \marginparsep=11.0pt
* \columnsep=10.0pt
* \skip\footins=9.0pt plus 4.0pt minus 2.0pt
* \hoffset=0.0pt
* \voffset=0.0pt
* \mag=1000
* \@twocolumnfalse
* \@twosidefalse
* \@mparswitchfalse
* \@reversemarginfalse
* (1in=72.27pt=25.4mm, 1cm=28.453pt)

\AtBeginShipoutBox=\box60
(/usr/share/texlive/texmf-dist/tex/latex/graphics/color.sty
Package: color 2016/07/10 v1.1e Standard LaTeX Color (DPC)

(/usr/share/texlive/texmf-dist/tex/latex/graphics-cfg/color.cfg
File: color.cfg 2016/01/02 v1.6 sample color configuration
)
Package color Info: Driver file: pdftex.def on input line 147.
)
Package hyperref Info: Link coloring ON on input line 3.

(/usr/share/texlive/texmf-dist/tex/latex/hyperref/nameref.sty
Package: nameref 2016/05/21 v2.44 Cross-referencing by name of section

(/usr/share/texlive/texmf-dist/tex/generic/oberdiek/gettitlestring.sty
Package: gettitlestring 2016/05/16 v1.5 Cleanup title references (HO)
)
\c@section@level=\count153
)
LaTeX Info: Redefining \ref on input line 3.
LaTeX Info: Redefining \pageref on input line 3.
LaTeX Info: Redefining \nameref on input line 3.

(./thesis.out) (./thesis.out)
\@outlinefile=\write5
\openout5 = `thesis.out'.


(/usr/share/texlive/texmf-dist/tex/context/base/mkii/supp-pdf.mkii
[Loading MPS to PDF converter (version 2006.09.02).]
\scratchcounter=\count154
\scratchdimen=\dimen165
\scratchbox=\box61
\nofMPsegments=\count155
\nofMParguments=\count156
\everyMPshowfont=\toks28
\MPscratchCnt=\count157
\MPscratchDim=\dimen166
\MPnumerator=\count158
\makeMPintoPDFobject=\count159
\everyMPtoPDFconversion=\toks29
) (/usr/share/texlive/texmf-dist/tex/latex/oberdiek/epstopdf-base.sty
Package: epstopdf-base 2016/05/15 v2.6 Base part for package epstopdf

(/usr/share/texlive/texmf-dist/tex/latex/oberdiek/grfext.sty
Package: grfext 2016/05/16 v1.2 Manage graphics extensions (HO)
)
Package epstopdf-base Info: Redefining graphics rule for `.eps' on input line 4
38.
Package grfext Info: Graphics extension search list:
(grfext)             [.pdf,.png,.jpg,.eps]
(grfext)             \AppendGraphicsExtensions on input line 456.

(/usr/share/texlive/texmf-dist/tex/latex/latexconfig/epstopdf-sys.cfg
File: epstopdf-sys.cfg 2010/07/13 v1.3 Configuration of (r)epstopdf for TeX Liv
e
))
\c@lstlisting=\count160
Package caption Info: Begin \AtBeginDocument code.
Package caption Info: subfig package v1.3 is loaded.
Package caption Info: End \AtBeginDocument code.

(./src/global.tex) (./template/titlepage.en.tex
<src/img/branding/acs.jpg, id=104, 168.63pt x 71.3064pt>
File: src/img/branding/acs.jpg Graphic file (type jpg)
<use src/img/branding/acs.jpg>
Package pdftex.def Info: src/img/branding/acs.jpg  used on input line 12.
(pdftex.def)             Requested size: 123.77074pt x 52.33829pt.
<src/img/branding/cpru.jpg, id=105, 210.03468pt x 210.7875pt>
File: src/img/branding/cpru.jpg Graphic file (type jpg)
<use src/img/branding/cpru.jpg>
Package pdftex.def Info: src/img/branding/cpru.jpg  used on input line 14.
(pdftex.def)             Requested size: 53.63545pt x 53.82568pt.

(/usr/share/texlive/texmf-dist/tex/latex/ucs/data/uni-1.def
File: uni-1.def 2013/05/13 UCS: Unicode data U+0100..U+01FF
) [1

{/var/lib/texmf/fonts/map/pdftex/updmap/pdftex.map} <./src/img/branding/acs.jpg
> <./src/img/branding/cpru.jpg>]) (./src/base/acknowledgements.tex)pdfTeX warni
ng (ext4): destination with the same identifier (name{page.i}) has been already
 used, duplicate ignored
<to be read again> 
                   \relax 
l.17 \begin{abstract}
                      [1] (./src/base/abstract.tex)
(./template/contents.pages.tex [2

] (./thesis.toc)
\tf@toc=\write6
\openout6 = `thesis.toc'.

 [3

] (./thesis.lof)
\tf@lof=\write7
\openout7 = `thesis.lof'.

 [4

])
No file thesis.nls.
(./src/main.tex
\openout2 = `src/chapters/intro.aux'.

 (./src/chapters/intro.tex
Chapter 1.
[1


] [2] [3]) [4]
\openout2 = `src/chapters/chapter1.aux'.

 (./src/chapters/chapter1.tex
Chapter 2.
[5



] [6]
LaTeX Font Info:    Try loading font information for OMS+cmr on input line 41.
 (/usr/share/texlive/texmf-dist/tex/latex/base/omscmr.fd
File: omscmr.fd 2014/09/29 v2.5h Standard LaTeX font definitions
)
LaTeX Font Info:    Font shape `OMS/cmr/m/n' in size <10> not available
(Font)              Font shape `OMS/cmsy/m/n' tried instead on input line 41.
 [7]
(/usr/share/texlive/texmf-dist/tex/latex/ucs/data/uni-32.def
File: uni-32.def 2013/05/13 UCS: Unicode data U+2000..U+20FF
) [8] [9]) [10]
\openout2 = `src/chapters/chapter2.aux'.


(./src/chapters/chapter2.tex
Chapter 3.
[11



] [12] [13] [14]
<src/img/composerBna.PNG, id=362, 380.01974pt x 221.02576pt>
File: src/img/composerBna.PNG Graphic file (type png)
<use src/img/composerBna.PNG>
Package pdftex.def Info: src/img/composerBna.PNG  used on input line 97.
(pdftex.def)             Requested size: 228.0136pt x 132.61647pt.
 [15 <./src/img/composerBna.PNG>]
Overfull \hbox (8.21191pt too wide) in paragraph at lines 103--104
[]\T1/cmr/m/n/10 Another con-cept re-lated with the Com-poser frame-work is the
 Con-nec-tion Pro-file. Each Blockchain
 []

) [16]
\openout2 = `src/chapters/chapter3.aux'.

 (./src/chapters/chapter3.tex
Chapter 4.
[17



]
<src/img/bnaStructure.PNG, id=391, 219.82124pt x 126.4725pt>
File: src/img/bnaStructure.PNG Graphic file (type png)
<use src/img/bnaStructure.PNG>
Package pdftex.def Info: src/img/bnaStructure.PNG  used on input line 46.
(pdftex.def)             Requested size: 153.87381pt x 88.53014pt.
 [18]
<src/img/participants.PNG, id=400, 317.38576pt x 171.039pt>
File: src/img/participants.PNG Graphic file (type png)
<use src/img/participants.PNG>
Package pdftex.def Info: src/img/participants.PNG  used on input line 54.
(pdftex.def)             Requested size: 222.1685pt x 119.72647pt.
 [19 <./src/img/bnaStructure.PNG> <./src/img/participants.PNG>]
<src/img/chassisAsset.png, id=411, 448.67625pt x 421.575pt>
File: src/img/chassisAsset.png Graphic file (type png)
<use src/img/chassisAsset.png>
Package pdftex.def Info: src/img/chassisAsset.png  used on input line 63.
(pdftex.def)             Requested size: 314.07123pt x 295.10048pt.
<src/img/orderAsset.png, id=414, 368.37625pt x 573.14125pt>
File: src/img/orderAsset.png Graphic file (type png)
<use src/img/orderAsset.png>
Package pdftex.def Info: src/img/orderAsset.png  used on input line 65.
(pdftex.def)             Requested size: 257.8616pt x 401.19614pt.
<src/img/placeOrderTrans.png, id=419, 382.42876pt x 252.945pt>
File: src/img/placeOrderTrans.png Graphic file (type png)
<use src/img/placeOrderTrans.png>
Package pdftex.def Info: src/img/placeOrderTrans.png  used on input line 70.
(pdftex.def)             Requested size: 267.69829pt x 177.06029pt.
<src/img/updateOrderStatTrans.png, id=422, 390.45876pt x 186.6975pt>
File: src/img/updateOrderStatTrans.png Graphic file (type png)
<use src/img/updateOrderStatTrans.png>
Package pdftex.def Info: src/img/updateOrderStatTrans.png  used on input line 7
2.
(pdftex.def)             Requested size: 273.31926pt x 130.68735pt.

Overfull \hbox (11.61426pt too wide) in paragraph at lines 76--78
\T1/cmr/m/it/10 org.acme.chassis_-net-work.Employee\T1/cmr/m/n/10 , the re-sour
ces used are \T1/cmr/m/it/10 org.acme.chassis_-net-work.PlaceOrder
 []

<src/img/employeeRole.png, id=426, 728.7225pt x 512.91624pt>
File: src/img/employeeRole.png Graphic file (type png)
<use src/img/employeeRole.png>
Package pdftex.def Info: src/img/employeeRole.png  used on input line 79.
(pdftex.def)             Requested size: 364.36035pt x 256.45749pt.
[20 <./src/img/chassisAsset.png>]
<src/img/manufacturerChassisRole.png, id=437, 1147.28625pt x 347.2975pt>
File: src/img/manufacturerChassisRole.png Graphic file (type png)
<use src/img/manufacturerChassisRole.png>
Package pdftex.def Info: src/img/manufacturerChassisRole.png  used on input lin
e 83.
(pdftex.def)             Requested size: 458.90637pt x 138.91653pt.

Overfull \hbox (46.3414pt too wide) in paragraph at lines 83--83
 [] 
 []

<src/img/manufacturerOrderRole.png, id=440, 882.29625pt x 514.92375pt>
File: src/img/manufacturerOrderRole.png Graphic file (type png)
<use src/img/manufacturerOrderRole.png>
Package pdftex.def Info: src/img/manufacturerOrderRole.png  used on input line 
85.
(pdftex.def)             Requested size: 441.14705pt x 257.46124pt.

Overfull \hbox (28.58208pt too wide) in paragraph at lines 85--85
 [] 
 []

<src/img/regulatorRole.png, id=444, 565.11125pt x 134.5025pt>
File: src/img/regulatorRole.png Graphic file (type png)
<use src/img/regulatorRole.png>
Package pdftex.def Info: src/img/regulatorRole.png  used on input line 89.
(pdftex.def)             Requested size: 282.55493pt x 67.25107pt.
[21 <./src/img/orderAsset.png>]
<src/img/systemRoles.png, id=454, 816.04875pt x 456.70625pt>
File: src/img/systemRoles.png Graphic file (type png)
<use src/img/systemRoles.png>
Package pdftex.def Info: src/img/systemRoles.png  used on input line 94.
(pdftex.def)             Requested size: 408.02338pt x 228.35255pt.
 [22 <./src/img/placeOrderTrans.png> <./src/img/updateOrderStatTrans.png>] [23 
<./src/img/employeeRole.png> <./src/img/manufacturerChassisRole.png>]
<src/img/placeOrder2.png, id=471, 655.44875pt x 445.665pt>
File: src/img/placeOrder2.png Graphic file (type png)
<use src/img/placeOrder2.png>
Package pdftex.def Info: src/img/placeOrder2.png  used on input line 113.
(pdftex.def)             Requested size: 393.27228pt x 267.40106pt.
<src/img/updateOrderStatus2.png, id=474, 759.83875pt x 807.015pt>
File: src/img/updateOrderStatus2.png Graphic file (type png)
<use src/img/updateOrderStatus2.png>
Package pdftex.def Info: src/img/updateOrderStatus2.png  used on input line 116
.
(pdftex.def)             Requested size: 455.90675pt x 484.21274pt.

Overfull \hbox (43.34178pt too wide) in paragraph at lines 116--116
 [] 
 []

[24 <./src/img/manufacturerOrderRole.png> <./src/img/regulatorRole.png>]
<src/img/restAPI.png, id=490, 736.7525pt x 857.2025pt>
File: src/img/restAPI.png Graphic file (type png)
<use src/img/restAPI.png>
Package pdftex.def Info: src/img/restAPI.png  used on input line 127.
(pdftex.def)             Requested size: 368.37535pt x 428.6002pt.
<src/img/employeeAPI.png, id=493, 531.9875pt x 449.68pt>
File: src/img/employeeAPI.png Graphic file (type png)
<use src/img/employeeAPI.png>
Package pdftex.def Info: src/img/employeeAPI.png  used on input line 129.
(pdftex.def)             Requested size: 159.59747pt x 134.90503pt.
)
[25 <./src/img/systemRoles.png>] [26 <./src/img/placeOrder2.png>] [27 <./src/im
g/updateOrderStatus2.png>] [28 <./src/img/restAPI.png> <./src/img/employeeAPI.p
ng>]
\openout2 = `src/chapters/chapter4.aux'.

 (./src/chapters/chapter4.tex
Chapter 5.
[29



]
<src/img/playground.png, id=531, 1299.85625pt x 652.4375pt>
File: src/img/playground.png Graphic file (type png)
<use src/img/playground.png>
Package pdftex.def Info: src/img/playground.png  used on input line 35.
(pdftex.def)             Requested size: 389.95988pt x 195.73276pt.
<src/img/placeOrder1.png, id=535, 613.29124pt x 414.54875pt>
File: src/img/placeOrder1.png Graphic file (type png)
<use src/img/placeOrder1.png>
Package pdftex.def Info: src/img/placeOrder1.png  used on input line 39.
(pdftex.def)             Requested size: 245.31215pt x 165.81656pt.
<src/img/scheduled1.png, id=539, 615.29875pt x 412.54124pt>
File: src/img/scheduled1.png Graphic file (type png)
<use src/img/scheduled1.png>
Package pdftex.def Info: src/img/scheduled1.png  used on input line 44.
(pdftex.def)             Requested size: 246.11513pt x 165.01357pt.
 [30 <./src/img/playground.png>]
<src/img/serialNumber1.png, id=548, 617.30624pt x 408.52625pt>
File: src/img/serialNumber1.png Graphic file (type png)
<use src/img/serialNumber1.png>
Package pdftex.def Info: src/img/serialNumber1.png  used on input line 48.
(pdftex.def)             Requested size: 246.91812pt x 163.4076pt.
<src/img/chassis1.png, id=552, 718.685pt x 216.81pt>
File: src/img/chassis1.png Graphic file (type png)
<use src/img/chassis1.png>
Package pdftex.def Info: src/img/chassis1.png  used on input line 52.
(pdftex.def)             Requested size: 359.34161pt x 108.40472pt.
 [31 <./src/img/placeOrder1.png> <./src/img/scheduled1.png>]
<src/img/delivered1.png, id=567, 621.32124pt x 425.59pt>
File: src/img/delivered1.png Graphic file (type png)
<use src/img/delivered1.png>
Package pdftex.def Info: src/img/delivered1.png  used on input line 64.
(pdftex.def)             Requested size: 248.5241pt x 170.23297pt.
<src/img/ownerAssigned1.png, id=570, 616.3025pt x 404.51125pt>
File: src/img/ownerAssigned1.png Graphic file (type png)
<use src/img/ownerAssigned1.png>
Package pdftex.def Info: src/img/ownerAssigned1.png  used on input line 66.
(pdftex.def)             Requested size: 246.51663pt x 161.80162pt.
<src/img/chassisOwner1.png, id=573, 707.64375pt x 230.8625pt>
File: src/img/chassisOwner1.png Graphic file (type png)
<use src/img/chassisOwner1.png>
Package pdftex.def Info: src/img/chassisOwner1.png  used on input line 68.
(pdftex.def)             Requested size: 353.82101pt x 115.43095pt.
<src/img/octeonOwner.png, id=576, 588.1975pt x 399.4925pt>
File: src/img/octeonOwner.png Graphic file (type png)
<use src/img/octeonOwner.png>
Package pdftex.def Info: src/img/octeonOwner.png  used on input line 70.
(pdftex.def)             Requested size: 294.09802pt x 199.74576pt.
<src/img/octeonReturn.png, id=579, 692.5875pt x 207.77625pt>
File: src/img/octeonReturn.png Graphic file (type png)
<use src/img/octeonReturn.png>
Package pdftex.def Info: src/img/octeonReturn.png  used on input line 72.
(pdftex.def)             Requested size: 415.5557pt x 124.6667pt.

Overfull \hbox (2.99072pt too wide) in paragraph at lines 72--72
 [] 
 []

<src/img/orderNotInAccordance.png, id=582, 714.67pt x 297.11pt>
File: src/img/orderNotInAccordance.png Graphic file (type png)
<use src/img/orderNotInAccordance.png>
Package pdftex.def Info: src/img/orderNotInAccordance.png  used on input line 7
4.
(pdftex.def)             Requested size: 428.8053pt x 178.26736pt.

Overfull \hbox (16.24033pt too wide) in paragraph at lines 74--74
 [] 
 []

<src/img/noHistoryLedger.png, id=587, 1163.34625pt x 347.2975pt>
File: src/img/noHistoryLedger.png Graphic file (type png)
<use src/img/noHistoryLedger.png>
Package pdftex.def Info: src/img/noHistoryLedger.png  used on input line 78.
(pdftex.def)             Requested size: 465.33026pt x 138.91653pt.

Overfull \hbox (52.76529pt too wide) in paragraph at lines 78--78
 [] 
 []

<src/img/history1.png, id=590, 1155.31625pt x 382.42876pt>
File: src/img/history1.png Graphic file (type png)
<use src/img/history1.png>
Package pdftex.def Info: src/img/history1.png  used on input line 80.
(pdftex.def)             Requested size: 462.11832pt x 152.96878pt.

Overfull \hbox (49.55334pt too wide) in paragraph at lines 80--80
 [] 
 []

) [32 <./src/img/serialNumber1.png> <./src/img/chassis1.png>] [33 <./src/img/de
livered1.png> <./src/img/ownerAssigned1.png>] [34 <./src/img/chassisOwner1.png>
 <./src/img/octeonOwner.png> <./src/img/octeonReturn.png>] [35 <./src/img/order
NotInAccordance.png> <./src/img/noHistoryLedger.png> <./src/img/history1.png>]
\openout2 = `src/chapters/conclusion.aux'.


(./src/chapters/conclusion.tex
Chapter 6.
) [36



]) (./src/appendix/index.tex (./src/appendix/build.network.composer.tex
Appendix A.
(/usr/share/texlive/texmf-dist/tex/latex/listings/lstlang1.sty
File: lstlang1.sty 2015/06/04 1.6 listings language file
)
(/usr/share/texlive/texmf-dist/tex/latex/listings/lstlang1.sty
File: lstlang1.sty 2015/06/04 1.6 listings language file
)
Package hyperref Info: bookmark level for unknown lstlisting defaults to 0 on i
nput line 9.
LaTeX Font Info:    Try loading font information for T1+pcr on input line 9.

(/usr/share/texlive/texmf-dist/tex/latex/psnfss/t1pcr.fd
File: t1pcr.fd 2001/06/04 font definitions for T1/pcr.
)
(./src/code/start-rest-server.sh
LaTeX Font Info:    Font shape `T1/pcr/m/it' in size <10> not available
(Font)              Font shape `T1/pcr/m/sl' tried instead on input line 1.
LaTeX Font Info:    Font shape `T1/pcr/bx/n' in size <10> not available
(Font)              Font shape `T1/pcr/b/n' tried instead on input line 15.
))) (./thesis.bbl [37


]
LaTeX Font Info:    Try loading font information for T1+cmss on input line 6.

(/usr/share/texlive/texmf-dist/tex/latex/base/t1cmss.fd
File: t1cmss.fd 2014/09/29 v2.5h Standard LaTeX font definitions
)
Underfull \hbox (badness 1077) in paragraph at lines 15--21
[]\T1/cmr/m/n/10 Hyperledger Com-poser Com-mu-nity.  Hy-per-ledger com-poser do
c-u-men-ta-tion.  Pub-
 []


Underfull \hbox (badness 1028) in paragraph at lines 37--42
[]\T1/cmr/m/n/10 Hyperledger Com-poser.  Hy-per-ledger com-poser rest server.  
Pub-lished on hy-per-
 []

)
No file thesis.ind.
Package atveryend Info: Empty hook `BeforeClearDocument' on input line 40.
[38

]
Package atveryend Info: Empty hook `AfterLastShipout' on input line 40.
 (./thesis.aux (./src/chapters/intro.aux) (./src/chapters/chapter1.aux)
(./src/chapters/chapter2.aux) (./src/chapters/chapter3.aux)
(./src/chapters/chapter4.aux) (./src/chapters/conclusion.aux))
Package atveryend Info: Executing hook `AtVeryEndDocument' on input line 40.
Package atveryend Info: Executing hook `AtEndAfterFileList' on input line 40.
Package rerunfilecheck Info: File `thesis.out' has not changed.
(rerunfilecheck)             Checksum: ABBB582DCDF198860DD5ABA21895B92C;1635.


LaTeX Warning: There were multiply-defined labels.

Package atveryend Info: Empty hook `AtVeryVeryEnd' on input line 40.
 ) 
Here is how much of TeX's memory you used:
 12117 strings out of 494923
 176184 string characters out of 6180742
 361332 words of memory out of 5000000
 14966 multiletter control sequences out of 15000+600000
 20510 words of font info for 46 fonts, out of 8000000 for 9000
 14 hyphenation exceptions out of 8191
 51i,12n,49p,1494b,1162s stack positions out of 5000i,500n,10000p,200000b,80000s
 </home/disertatie/.texlive2017/texmf-var/fonts/pk/ljfour/jknappen/ec/ecss100
0.600pk>{/usr/share/texlive/texmf-dist/fonts/enc/dvips/base/8r.enc} </home/dise
rtatie/.texlive2017/texmf-var/fonts/pk/ljfour/jknappen/ec/ecbi1000.600pk> </hom
e/disertatie/.texlive2017/texmf-var/fonts/pk/ljfour/jknappen/ec/ecbx1200.600pk>
 </home/disertatie/.texlive2017/texmf-var/fonts/pk/ljfour/jknappen/ec/ecrm0800.
600pk> </home/disertatie/.texlive2017/texmf-var/fonts/pk/ljfour/jknappen/ec/ecr
m0600.600pk> </home/disertatie/.texlive2017/texmf-var/fonts/pk/ljfour/jknappen/
ec/ecrm0700.600pk> </home/disertatie/.texlive2017/texmf-var/fonts/pk/ljfour/jkn
appen/ec/ecbx2074.600pk> </home/disertatie/.texlive2017/texmf-var/fonts/pk/ljfo
ur/jknappen/ec/ecbx1000.600pk> </home/disertatie/.texlive2017/texmf-var/fonts/p
k/ljfour/jknappen/ec/ecti1000.600pk> </home/disertatie/.texlive2017/texmf-var/f
onts/pk/ljfour/jknappen/ec/ecbx2488.600pk> </home/disertatie/.texlive2017/texmf
-var/fonts/pk/ljfour/jknappen/ec/ecrm1000.600pk> </home/disertatie/.texlive2017
/texmf-var/fonts/pk/ljfour/jknappen/ec/ecbx1440.600pk> </home/disertatie/.texli
ve2017/texmf-var/fonts/pk/ljfour/jknappen/ec/ecrm2488.600pk> </home/disertatie/
.texlive2017/texmf-var/fonts/pk/ljfour/jknappen/ec/ecrm1440.600pk></usr/share/t
exlive/texmf-dist/fonts/type1/public/amsfonts/cm/cmsy10.pfb></usr/share/texlive
/texmf-dist/fonts/type1/urw/courier/ucrb8a.pfb></usr/share/texlive/texmf-dist/f
onts/type1/urw/courier/ucrr8a.pfb></usr/share/texlive/texmf-dist/fonts/type1/ur
w/courier/ucrro8a.pfb>
Output written on thesis.pdf (43 pages, 1341521 bytes).
PDF statistics:
 1273 PDF objects out of 1440 (max. 8388607)
 624 compressed objects within 7 object streams
 152 named destinations out of 1000 (max. 500000)
 356 words of extra memory for PDF output out of 10000 (max. 10000000)

