\BOOKMARK [0][-]{chapter.1}{1 Introduction}{}% 1
\BOOKMARK [1][-]{section.1.1}{1.1 Project Description}{chapter.1}% 2
\BOOKMARK [2][-]{subsection.1.1.1}{1.1.1 Project Scope}{section.1.1}% 3
\BOOKMARK [2][-]{subsection.1.1.2}{1.1.2 Project Objectives}{section.1.1}% 4
\BOOKMARK [2][-]{subsection.1.1.3}{1.1.3 Related Work}{section.1.1}% 5
\BOOKMARK [0][-]{chapter.2}{2 Background}{}% 6
\BOOKMARK [1][-]{section.2.1}{2.1 Decision Support Systems Architecture}{chapter.2}% 7
\BOOKMARK [1][-]{section.2.2}{2.2 Blockchain technical details}{chapter.2}% 8
\BOOKMARK [1][-]{section.2.3}{2.3 Blockchain properties}{chapter.2}% 9
\BOOKMARK [2][-]{subsection.2.3.1}{2.3.1 Proof-of-work}{section.2.3}% 10
\BOOKMARK [2][-]{subsection.2.3.2}{2.3.2 Consensus Protocol}{section.2.3}% 11
\BOOKMARK [1][-]{section.2.4}{2.4 Bitcoin project}{chapter.2}% 12
\BOOKMARK [0][-]{chapter.3}{3 Blockchain based projects}{}% 13
\BOOKMARK [1][-]{section.3.1}{3.1 Financial}{chapter.3}% 14
\BOOKMARK [2][-]{subsection.3.1.1}{3.1.1 Cryptocurrencies}{section.3.1}% 15
\BOOKMARK [1][-]{section.3.2}{3.2 Smart contracts}{chapter.3}% 16
\BOOKMARK [1][-]{section.3.3}{3.3 Sharing services}{chapter.3}% 17
\BOOKMARK [1][-]{section.3.4}{3.4 Crowdfunding and Voting Systems}{chapter.3}% 18
\BOOKMARK [1][-]{section.3.5}{3.5 Public sector}{chapter.3}% 19
\BOOKMARK [1][-]{section.3.6}{3.6 Digital property ownership}{chapter.3}% 20
\BOOKMARK [1][-]{section.3.7}{3.7 Retail}{chapter.3}% 21
\BOOKMARK [1][-]{section.3.8}{3.8 Insurance}{chapter.3}% 22
\BOOKMARK [1][-]{section.3.9}{3.9 Manufacturing}{chapter.3}% 23
\BOOKMARK [1][-]{section.3.10}{3.10 Prediction markets}{chapter.3}% 24
\BOOKMARK [0][-]{chapter.4}{4 Conclusion}{}% 25
